<?xml version="1.0" encoding="UTF-8"?>
<!-- Generated by org.testng.reporters.JUnitReportReporter -->
<testsuite skipped="0" hostname="DESKTOP-VTBT3RG" name="TestNG.TestNgBasics" tests="1" failures="0" timestamp="2023-11-26T14:32:38 IST" time="0.004" errors="0">
  <testcase name="Testcase1" time="0.004" classname="TestNG.TestNgBasics"/>
  <system-out/>
</testsuite> <!-- TestNG.TestNgBasics -->
