<?xml version="1.0" encoding="UTF-8"?>
<!-- Generated by org.testng.reporters.JUnitReportReporter -->
<testsuite skipped="0" hostname="DESKTOP-VTBT3RG" name="Testcase.MakeMyTripSearchTestcase" tests="3" failures="0" timestamp="2023-12-02T15:15:50 IST" time="29.476" errors="0">
  <testcase name="ValidSearch" time="15.521" classname="Testcase.MakeMyTripSearchTestcase"/>
  <system-out/>
  <testcase name="ValidSearch" time="7.184" classname="Testcase.MakeMyTripSearchTestcase"/>
  <system-out/>
  <testcase name="ValidSearch" time="6.771" classname="Testcase.MakeMyTripSearchTestcase"/>
  <system-out/>
</testsuite> <!-- Testcase.MakeMyTripSearchTestcase -->
