<?xml version="1.0" encoding="UTF-8"?>
<!-- Generated by org.testng.reporters.JUnitReportReporter -->
<testsuite skipped="1" hostname="DESKTOP-VTBT3RG" name="TestNG.SecondClass" tests="2" failures="0" timestamp="2023-11-26T14:33:42 IST" time="0.007" errors="0">
  <testcase name="Testcase2" time="0.007" classname="TestNG.SecondClass"/>
  <system-out/>
  <testcase name="Testcase3" classname="TestNG.SecondClass">
    <skipped/>
  </testcase> <!-- Testcase3 -->
  <system-out/>
</testsuite> <!-- TestNG.SecondClass -->
